<?xml version="1.0" encoding="utf-8"?><testsuites><testsuite name="pytest" errors="0" failures="0" skipped="0" tests="151" time="1.052" timestamp="2022-03-11T17:10:17.595878" hostname="DESKTOP-TSRCPPR"><testcase classname="tests.bot_test" name="test_on_valid_message[Daily Octordle #42\n3\ufe0f\u20e34\ufe0f\u20e3\n\U0001f51f\U0001f55b\n2\ufe0f\u20e36\ufe0f\u20e3\n1\ufe0f\u20e37\ufe0f\u20e3\noctordle.com\n\U0001f7e8\u2b1c\u2b1c\u2b1c\U0001f7e8 \u2b1c\U0001f7e8\u2b1c\u2b1c\u2b1c\n\u2b1c\U0001f7e8\u2b1c\u2b1c\U0001f7e8 \u2b1c\u2b1c\U0001f7e8\u2b1c\u2b1c\n\U0001f7e9\U0001f7e9\U0001f7e9\U0001f7e9\U0001f7e9 \U0001f7e9\u2b1c\u2b1c\u2b1c\u2b1c\n\u2b1b\u2b1b\u2b1b\u2b1b\u2b1b \U0001f7e9\U0001f7e9\U0001f7e9\U0001f7e9\U0001f7e9\n\n\u2b1c\u2b1c\u2b1c\U0001f7e8\u2b1c \U0001f7e8\u2b1c\u2b1c\u2b1c\U0001f7e8\n\u2b1c\u2b1c\u2b1c\U0001f7e8\u2b1c \u2b1c\u2b1c\u2b1c\u2b1c\U0001f7e8\n\u2b1c\u2b1c\u2b1c\u2b1c\U0001f7e8 \u2b1c\U0001f7e8\u2b1c\U0001f7e8\u2b1c\n\u2b1c\u2b1c\U0001f7e8\u2b1c\u2b1c \u2b1c\u2b1c\u2b1c\u2b1c\U0001f7e9\n\u2b1c\u2b1c\u2b1c\u2b1c\u2b1c \u2b1c\u2b1c\u2b1c\u2b1c\u2b1c\n\u2b1c\u2b1c\u2b1c\u2b1c\u2b1c \u2b1c\u2b1c\u2b1c\u2b1c\u2b1c\n\u2b1c\u2b1c\u2b1c\u2b1c\u2b1c \u2b1c\u2b1c\u2b1c\U0001f7e8\u2b1c\n\U0001f7e8\U0001f7e8\U0001f7e8\u2b1c\u2b1c \u2b1c\u2b1c\u2b1c\u2b1c\u2b1c\n\U0001f7e9\u2b1c\U0001f7e9\u2b1c\u2b1c \U0001f7e8\u2b1c\u2b1c\u2b1c\U0001f7e8\n\U0001f7e9\U0001f7e9\U0001f7e9\U0001f7e9\U0001f7e9 \U0001f7e8\u2b1c\u2b1c\u2b1c\u2b1c\n\u2b1b\u2b1b\u2b1b\u2b1b\u2b1b \U0001f7e8\U0001f7e9\U0001f7e9\U0001f7e8\U0001f7e9\n\u2b1b\u2b1b\u2b1b\u2b1b\u2b1b \U0001f7e9\U0001f7e9\U0001f7e9\U0001f7e9\U0001f7e9\n\n\u2b1c\u2b1c\U0001f7e9\U0001f7e9\U0001f7e9 \u2b1c\U0001f7e8\u2b1c\u2b1c\u2b1c\n\U0001f7e9\U0001f7e9\U0001f7e9\U0001f7e9\U0001f7e9 \u2b1c\U0001f7e8\U0001f7e8\u2b1c\u2b1c\n\u2b1b\u2b1b\u2b1b\u2b1b\u2b1b \U0001f7e9\u2b1c\U0001f7e8\u2b1c\u2b1c\n\u2b1b\u2b1b\u2b1b\u2b1b\u2b1b \U0001f7e9\u2b1c\u2b1c\U0001f7e9\u2b1c\n\u2b1b\u2b1b\u2b1b\u2b1b\u2b1b \U0001f7e9\U0001f7e9\U0001f7e8\U0001f7e9\u2b1c\n\u2b1b\u2b1b\u2b1b\u2b1b\u2b1b \U0001f7e9\U0001f7e9\U0001f7e9\U0001f7e9\U0001f7e9\n\n\U0001f7e9\U0001f7e9\U0001f7e9\U0001f7e9\U0001f7e9 \U0001f7e8\U0001f7e8\U0001f7e8\u2b1c\u2b1c\n\u2b1b\u2b1b\u2b1b\u2b1b\u2b1b \u2b1c\U0001f7e9\U0001f7e8\u2b1c\u2b1c\n\u2b1b\u2b1b\u2b1b\u2b1b\u2b1b \u2b1c\u2b1c\U0001f7e8\U0001f7e9\u2b1c\n\u2b1b\u2b1b\u2b1b\u2b1b\u2b1b \u2b1c\u2b1c\u2b1c\U0001f7e8\u2b1c\n\u2b1b\u2b1b\u2b1b\u2b1b\u2b1b \u2b1c\u2b1c\U0001f7e8\U0001f7e8\U0001f7e9\n\u2b1b\u2b1b\u2b1b\u2b1b\u2b1b \u2b1c\u2b1c\u2b1c\U0001f7e8\U0001f7e8\n\u2b1b\u2b1b\u2b1b\u2b1b\u2b1b \U0001f7e9\U0001f7e9\U0001f7e9\U0001f7e9\U0001f7e9-handle_octordle]" time="0.014" /><testcase classname="tests.bot_test" name="test_on_valid_message[Daily Quordle #17\n4\ufe0f\u20e3\U0001f7e5\n5\ufe0f\u20e38\ufe0f\u20e3\nquordle.com\n\U0001f7e8\u2b1c\u2b1c\U0001f7e9\U0001f7e9 \u2b1c\u2b1c\u2b1c\u2b1c\U0001f7e8\n\u2b1c\U0001f7e8\u2b1c\u2b1c\U0001f7e8 \U0001f7e9\U0001f7e8\u2b1c\U0001f7e8\U0001f7e9\n\U0001f7e9\U0001f7e9\u2b1c\u2b1c\u2b1c \u2b1c\U0001f7e8\u2b1c\u2b1c\U0001f7e8\n\U0001f7e9\U0001f7e9\U0001f7e9\U0001f7e9\U0001f7e9 \u2b1c\U0001f7e8\u2b1c\u2b1c\U0001f7e8\n\u2b1b\u2b1b\u2b1b\u2b1b\u2b1b \u2b1c\u2b1c\u2b1c\u2b1c\u2b1c\n\u2b1b\u2b1b\u2b1b\u2b1b\u2b1b \u2b1c\U0001f7e9\U0001f7e8\U0001f7e9\u2b1c\n\u2b1b\u2b1b\u2b1b\u2b1b\u2b1b \u2b1c\U0001f7e8\U0001f7e8\u2b1c\u2b1c\n\u2b1b\u2b1b\u2b1b\u2b1b\u2b1b \u2b1c\U0001f7e8\U0001f7e8\u2b1c\u2b1c\n\u2b1b\u2b1b\u2b1b\u2b1b\u2b1b \U0001f7e9\U0001f7e9\u2b1c\U0001f7e9\U0001f7e9\n\n\U0001f7e8\u2b1c\u2b1c\u2b1c\u2b1c \u2b1c\u2b1c\u2b1c\u2b1c\U0001f7e8\n\u2b1c\u2b1c\u2b1c\u2b1c\u2b1c \u2b1c\U0001f7e9\U0001f7e8\U0001f7e8\u2b1c\n\U0001f7e8\u2b1c\U0001f7e8\u2b1c\u2b1c \u2b1c\u2b1c\u2b1c\u2b1c\u2b1c\n\U0001f7e8\u2b1c\U0001f7e9\u2b1c\u2b1c \u2b1c\u2b1c\u2b1c\u2b1c\U0001f7e8\n\U0001f7e9\U0001f7e9\U0001f7e9\U0001f7e9\U0001f7e9 \u2b1c\u2b1c\u2b1c\u2b1c\u2b1c\n\u2b1b\u2b1b\u2b1b\u2b1b\u2b1b \u2b1c\U0001f7e8\u2b1c\U0001f7e8\U0001f7e8\n\u2b1b\u2b1b\u2b1b\u2b1b\u2b1b \u2b1c\U0001f7e9\u2b1c\U0001f7e9\U0001f7e9\n\u2b1b\u2b1b\u2b1b\u2b1b\u2b1b \U0001f7e9\U0001f7e9\U0001f7e9\U0001f7e9\U0001f7e9-handle_quordle]" time="0.007" /><testcase classname="tests.bot_test" name="test_on_valid_message[Wordle 6 6/6\n\u2b1c\u2b1c\u2b1c\u2b1c\u2b1c\n\u2b1c\u2b1c\u2b1c\U0001f7e8\u2b1c\n\U0001f7e8\u2b1c\u2b1c\u2b1c\U0001f7e8\n\u2b1c\U0001f7e8\U0001f7e8\U0001f7e8\U0001f7e8\n\U0001f7e9\U0001f7e9\U0001f7e9\u2b1c\U0001f7e9\n\U0001f7e9\U0001f7e9\U0001f7e9\U0001f7e9\U0001f7e9\n-handle_wordle]" time="0.007" /><testcase classname="tests.bot_test" name="test_on_valid_message[leaderboard-get_leaderboard]" time="0.007" /><testcase classname="tests.bot_test" name="test_on_valid_message[league-get_league]" time="0.006" /><testcase classname="tests.bot_test" name="test_on_valid_message[lg-get_league]" time="0.006" /><testcase classname="tests.bot_test" name="test_on_invalid_message[Daily Octordle #42\n3\ufe0f\u20e34\ufe0f\u20e3\n\U0001f51f\U0001f55b\n2\ufe0f\u20e36\ufe0f\u20e3\n1\ufe0f\u20e37\ufe0f\u20e3\noctordle.com\n\U0001f7e8\u2b1c\u2b1c\u2b1c\U0001f7e8 \u2b1c\U0001f7e8\u2b1c\u2b1c\u2b1c\n\u2b1c\U0001f7e8\u2b1c\u2b1c\U0001f7e8 \u2b1c\u2b1c\U0001f7e8\u2b1c\u2b1c\n\U0001f7e9\U0001f7e9\U0001f7e9\U0001f7e9\U0001f7e9 \U0001f7e9\u2b1c\u2b1c\u2b1c\u2b1c\n\u2b1b\u2b1b\u2b1b\u2b1b\u2b1b \U0001f7e9\U0001f7e9\U0001f7e9\U0001f7e9\U0001f7e9\n\n\u2b1c\u2b1c\u2b1c\U0001f7e8\u2b1c \U0001f7e8\u2b1c\u2b1c\u2b1c\U0001f7e8\n\u2b1c\u2b1c\u2b1c\U0001f7e8\u2b1c \u2b1c\u2b1c\u2b1c\u2b1c\U0001f7e8\n\u2b1c\u2b1c\u2b1c\u2b1c\U0001f7e8 \u2b1c\U0001f7e8\u2b1c\U0001f7e8\u2b1c\n\u2b1c\u2b1c\U0001f7e8\u2b1c\u2b1c \u2b1c\u2b1c\u2b1c\u2b1c\U0001f7e9\n\u2b1c\u2b1c\u2b1c\u2b1c\u2b1c \u2b1c\u2b1c\u2b1c\u2b1c\u2b1c\n\u2b1c\u2b1c\u2b1c\u2b1c\u2b1c \u2b1c\u2b1c\u2b1c\u2b1c\u2b1c\n\u2b1c\u2b1c\u2b1c\u2b1c\u2b1c \u2b1c\u2b1c\u2b1c\U0001f7e8\u2b1c\n\U0001f7e8\U0001f7e8\U0001f7e8\u2b1c\u2b1c \u2b1c\u2b1c\u2b1c\u2b1c\u2b1c\n\U0001f7e9\u2b1c\U0001f7e9\u2b1c\u2b1c \U0001f7e8\u2b1c\u2b1c\u2b1c\U0001f7e8\n\U0001f7e9\U0001f7e9\U0001f7e9\U0001f7e9\U0001f7e9 \U0001f7e8\u2b1c\u2b1c\u2b1c\u2b1c\n\u2b1b\u2b1b\u2b1b\u2b1b\u2b1b \U0001f7e8\U0001f7e9\U0001f7e9\U0001f7e8\U0001f7e9\n\u2b1b\u2b1b\u2b1b\u2b1b\u2b1b \U0001f7e9\U0001f7e9\U0001f7e9\U0001f7e9\U0001f7e9\n\n\u2b1c\u2b1c\U0001f7e9\U0001f7e9\U0001f7e9 \u2b1c\U0001f7e8\u2b1c\u2b1c\u2b1c\n\U0001f7e9\U0001f7e9\U0001f7e9\U0001f7e9\U0001f7e9 \u2b1c\U0001f7e8\U0001f7e8\u2b1c\u2b1c\n\u2b1b\u2b1b\u2b1b\u2b1b\u2b1b \U0001f7e9\u2b1c\U0001f7e8\u2b1c\u2b1c\n\u2b1b\u2b1b\u2b1b\u2b1b\u2b1b \U0001f7e9\u2b1c\u2b1c\U0001f7e9\u2b1c\n\u2b1b\u2b1b\u2b1b\u2b1b\u2b1b \U0001f7e9\U0001f7e9\U0001f7e8\U0001f7e9\u2b1c\n\u2b1b\u2b1b\u2b1b\u2b1b\u2b1b \U0001f7e9\U0001f7e9\U0001f7e9\U0001f7e9\U0001f7e9\n\n\U0001f7e9\U0001f7e9\U0001f7e9\U0001f7e9\U0001f7e9 \U0001f7e8\U0001f7e8\U0001f7e8\u2b1c\u2b1c\n\u2b1b\u2b1b\u2b1b\u2b1b\u2b1b \u2b1c\U0001f7e9\U0001f7e8\u2b1c\u2b1c\n\u2b1b\u2b1b\u2b1b\u2b1b\u2b1b \u2b1c\u2b1c\U0001f7e8\U0001f7e9\u2b1c\n\u2b1b\u2b1b\u2b1b\u2b1b\u2b1b \u2b1c\u2b1c\u2b1c\U0001f7e8\u2b1c\n\u2b1b\u2b1b\u2b1b\u2b1b\u2b1b \u2b1c\u2b1c\U0001f7e8\U0001f7e8\U0001f7e9\n\u2b1b\u2b1b\u2b1b\u2b1b\u2b1b \u2b1c\u2b1c\u2b1c\U0001f7e8\U0001f7e8\n\u2b1b\u2b1b\u2b1b\u2b1b\u2b1b \U0001f7e9\U0001f7e9\U0001f7e9\U0001f7e9\U0001f7e9-handle_octordle]" time="0.006" /><testcase classname="tests.bot_test" name="test_on_invalid_message[Daily Quordle #17\n4\ufe0f\u20e3\U0001f7e5\n5\ufe0f\u20e38\ufe0f\u20e3\nquordle.com\n\U0001f7e8\u2b1c\u2b1c\U0001f7e9\U0001f7e9 \u2b1c\u2b1c\u2b1c\u2b1c\U0001f7e8\n\u2b1c\U0001f7e8\u2b1c\u2b1c\U0001f7e8 \U0001f7e9\U0001f7e8\u2b1c\U0001f7e8\U0001f7e9\n\U0001f7e9\U0001f7e9\u2b1c\u2b1c\u2b1c \u2b1c\U0001f7e8\u2b1c\u2b1c\U0001f7e8\n\U0001f7e9\U0001f7e9\U0001f7e9\U0001f7e9\U0001f7e9 \u2b1c\U0001f7e8\u2b1c\u2b1c\U0001f7e8\n\u2b1b\u2b1b\u2b1b\u2b1b\u2b1b \u2b1c\u2b1c\u2b1c\u2b1c\u2b1c\n\u2b1b\u2b1b\u2b1b\u2b1b\u2b1b \u2b1c\U0001f7e9\U0001f7e8\U0001f7e9\u2b1c\n\u2b1b\u2b1b\u2b1b\u2b1b\u2b1b \u2b1c\U0001f7e8\U0001f7e8\u2b1c\u2b1c\n\u2b1b\u2b1b\u2b1b\u2b1b\u2b1b \u2b1c\U0001f7e8\U0001f7e8\u2b1c\u2b1c\n\u2b1b\u2b1b\u2b1b\u2b1b\u2b1b \U0001f7e9\U0001f7e9\u2b1c\U0001f7e9\U0001f7e9\n\n\U0001f7e8\u2b1c\u2b1c\u2b1c\u2b1c \u2b1c\u2b1c\u2b1c\u2b1c\U0001f7e8\n\u2b1c\u2b1c\u2b1c\u2b1c\u2b1c \u2b1c\U0001f7e9\U0001f7e8\U0001f7e8\u2b1c\n\U0001f7e8\u2b1c\U0001f7e8\u2b1c\u2b1c \u2b1c\u2b1c\u2b1c\u2b1c\u2b1c\n\U0001f7e8\u2b1c\U0001f7e9\u2b1c\u2b1c \u2b1c\u2b1c\u2b1c\u2b1c\U0001f7e8\n\U0001f7e9\U0001f7e9\U0001f7e9\U0001f7e9\U0001f7e9 \u2b1c\u2b1c\u2b1c\u2b1c\u2b1c\n\u2b1b\u2b1b\u2b1b\u2b1b\u2b1b \u2b1c\U0001f7e8\u2b1c\U0001f7e8\U0001f7e8\n\u2b1b\u2b1b\u2b1b\u2b1b\u2b1b \u2b1c\U0001f7e9\u2b1c\U0001f7e9\U0001f7e9\n\u2b1b\u2b1b\u2b1b\u2b1b\u2b1b \U0001f7e9\U0001f7e9\U0001f7e9\U0001f7e9\U0001f7e9-handle_quordle]" time="0.006" /><testcase classname="tests.bot_test" name="test_on_invalid_message[Wordle 6 6/6\n\u2b1c\u2b1c\u2b1c\u2b1c\u2b1c\n\u2b1c\u2b1c\u2b1c\U0001f7e8\u2b1c\n\U0001f7e8\u2b1c\u2b1c\u2b1c\U0001f7e8\n\u2b1c\U0001f7e8\U0001f7e8\U0001f7e8\U0001f7e8\n\U0001f7e9\U0001f7e9\U0001f7e9\u2b1c\U0001f7e9\n\U0001f7e9\U0001f7e9\U0001f7e9\U0001f7e9\U0001f7e9\n-handle_wordle]" time="0.005" /><testcase classname="tests.bot_test" name="test_on_invalid_message[leaderboard-get_leaderboard]" time="0.005" /><testcase classname="tests.bot_test" name="test_on_invalid_message[l-get_leaderboard]" time="0.005" /><testcase classname="tests.bot_test" name="test_submit_valid_attempt" time="0.006" /><testcase classname="tests.bot_test" name="test_submit_duplicate_attempt" time="0.007" /><testcase classname="tests.bot_test" name="test_get_leaderboard" time="0.005" /><testcase classname="tests.bot_test" name="test_handle_quordle" time="0.009" /><testcase classname="tests.bot_test" name="test_handle_wordle" time="0.010" /><testcase classname="tests.bot_test" name="test_handle_octordle" time="0.009" /><testcase classname="tests.embed_test" name="test_wordle_embed_good_score" time="0.001" /><testcase classname="tests.embed_test" name="test_wordle_embed_bad_score" time="0.001" /><testcase classname="tests.embed_test" name="test_quordle_embed_good_score" time="0.002" /><testcase classname="tests.embed_test" name="test_quordle_embed_bad_score" time="0.002" /><testcase classname="tests.embed_test" name="test_octordle_embed_good_score" time="0.002" /><testcase classname="tests.embed_test" name="test_octordle_embed_bad_score" time="0.001" /><testcase classname="tests.leaderboard_test" name="test_create_table_on_instantiation" time="0.004" /><testcase classname="tests.leaderboard_test" name="test_verify_new_user" time="0.006" /><testcase classname="tests.leaderboard_test" name="test_verify_preexisting_user" time="0.005" /><testcase classname="tests.leaderboard_test" name="test_retrieve_scores[retrieved0]" time="0.005" /><testcase classname="tests.leaderboard_test" name="test_retrieve_scores[retrieved1]" time="0.005" /><testcase classname="tests.leaderboard_test" name="test_get_ranks_table[scores0-\U0001f947. User3 -- 12\n\U0001f948. User2 -- 7\n\U0001f949. User1 -- 4\n4. User4 -- 0]" time="0.002" /><testcase classname="tests.leaderboard_test" name="test_get_ranks_table[scores1-\U0001f947. User2 -- 7\n\U0001f948. User3 -- 7\n\U0001f949. User1 -- 4]" time="0.003" /><testcase classname="tests.leaderboard_test" name="test_get_ranks_table[scores2-]" time="0.002" /><testcase classname="tests.leaderboard_test" name="test_get_leaderboard" time="0.003" /><testcase classname="tests.leaderboard_test" name="test_insert_valid_submission[attempt0]" time="0.049" /><testcase classname="tests.leaderboard_test" name="test_insert_valid_submission[attempt1]" time="0.013" /><testcase classname="tests.leaderboard_test" name="test_insert_valid_submission[attempt2]" time="0.012" /><testcase classname="tests.leaderboard_test" name="test_insert_invalid_submission[attempt0]" time="0.012" /><testcase classname="tests.leaderboard_test" name="test_insert_invalid_submission[attempt1]" time="0.012" /><testcase classname="tests.leaderboard_test" name="test_insert_invalid_submission[attempt2]" time="0.011" /><testcase classname="tests.leaderboard_test" name="test_successful_connect_to_leaderboard" time="0.002" /><testcase classname="tests.leaderboard_test" name="test_error_connecting_to_leaderboard" time="0.002" /><testcase classname="tests.league_test" name="test_get_today_scores" time="0.004" /><testcase classname="tests.league_test" name="test_league_start_day[todays_date0-expected_start0]" time="0.007" /><testcase classname="tests.league_test" name="test_league_start_day[todays_date1-expected_start1]" time="0.008" /><testcase classname="tests.league_test" name="test_league_start_day[todays_date2-expected_start2]" time="0.009" /><testcase classname="tests.league_test" name="test_league_start_day[todays_date3-expected_start3]" time="0.008" /><testcase classname="tests.league_test" name="test_get_league_scores" time="0.005" /><testcase classname="tests.league_test" name="test_get_league_table" time="0.004" /><testcase classname="tests.league_test" name="test_get_latest_league_ranks" time="0.001" /><testcase classname="tests.league_test" name="test_get_previous_league_ranks" time="0.007" /><testcase classname="tests.league_test" name="test_get_previous_league_ranks_only_today" time="0.007" /><testcase classname="tests.league_test" name="test_get_league_info" time="0.008" /><testcase classname="tests.league_test" name="test_get_league_info_with_new_entry" time="0.008" /><testcase classname="tests.league_test" name="test_get_ranks_table" time="0.001" /><testcase classname="tests.octordle_test" name="test_parse_valid_attempts[Daily Octordle #43\n5\ufe0f\u20e3\U0001f550\n\U0001f7e5\U0001f7e5\n9\ufe0f\u20e37\ufe0f\u20e3\n\U0001f51f\U0001f55a\noctordle.com\n\u2b1c\U0001f7e8\U0001f7e8\u2b1c\U0001f7e8 \u2b1c\u2b1c\u2b1c\u2b1c\U0001f7e8\n\U0001f7e9\u2b1c\U0001f7e8\U0001f7e8\U0001f7e8 \U0001f7e9\u2b1c\u2b1c\u2b1c\u2b1c\n\U0001f7e9\U0001f7e8\U0001f7e8\U0001f7e8\u2b1c \U0001f7e9\u2b1c\u2b1c\u2b1c\u2b1c\n\U0001f7e9\u2b1c\U0001f7e9\U0001f7e9\U0001f7e9 \U0001f7e9\u2b1c\u2b1c\u2b1c\u2b1c\n\U0001f7e9\U0001f7e9\U0001f7e9\U0001f7e9\U0001f7e9 \U0001f7e9\u2b1c\u2b1c\u2b1c\u2b1c\n\u2b1b\u2b1b\u2b1b\u2b1b\u2b1b \U0001f7e9\u2b1c\u2b1c\U0001f7e8\u2b1c\n\u2b1b\u2b1b\u2b1b\u2b1b\u2b1b \U0001f7e9\u2b1c\u2b1c\U0001f7e9\u2b1c\n\u2b1b\u2b1b\u2b1b\u2b1b\u2b1b \u2b1c\U0001f7e8\u2b1c\u2b1c\u2b1c\n\u2b1b\u2b1b\u2b1b\u2b1b\u2b1b \u2b1c\u2b1c\U0001f7e8\u2b1c\u2b1c\n\u2b1b\u2b1b\u2b1b\u2b1b\u2b1b \u2b1c\U0001f7e8\u2b1c\u2b1c\u2b1c\n\u2b1b\u2b1b\u2b1b\u2b1b\u2b1b \U0001f7e8\u2b1c\u2b1c\u2b1c\u2b1c\n\u2b1b\u2b1b\u2b1b\u2b1b\u2b1b \U0001f7e9\U0001f7e9\U0001f7e9\U0001f7e9\u2b1c\n\u2b1b\u2b1b\u2b1b\u2b1b\u2b1b \U0001f7e9\U0001f7e9\U0001f7e9\U0001f7e9\U0001f7e9\n\n\u2b1c\U0001f7e9\u2b1c\U0001f7e8\u2b1c \u2b1c\u2b1c\U0001f7e9\u2b1c\u2b1c\n\u2b1c\U0001f7e8\u2b1c\U0001f7e8\u2b1c \u2b1c\U0001f7e8\U0001f7e9\u2b1c\u2b1c\n\u2b1c\u2b1c\U0001f7e8\u2b1c\u2b1c \u2b1c\U0001f7e8\u2b1c\u2b1c\u2b1c\n\u2b1c\u2b1c\u2b1c\u2b1c\U0001f7e8 \u2b1c\u2b1c\u2b1c\U0001f7e8\u2b1c\n\u2b1c\u2b1c\u2b1c\u2b1c\U0001f7e8 \u2b1c\U0001f7e8\u2b1c\U0001f7e8\u2b1c\n\u2b1c\u2b1c\U0001f7e9\u2b1c\u2b1c \u2b1c\u2b1c\u2b1c\U0001f7e8\u2b1c\n\u2b1c\u2b1c\u2b1c\u2b1c\u2b1c \u2b1c\u2b1c\u2b1c\u2b1c\u2b1c\n\u2b1c\u2b1c\u2b1c\U0001f7e8\u2b1c \u2b1c\u2b1c\u2b1c\u2b1c\U0001f7e8\n\u2b1c\u2b1c\u2b1c\U0001f7e8\u2b1c \u2b1c\u2b1c\u2b1c\u2b1c\U0001f7e8\n\u2b1c\u2b1c\u2b1c\U0001f7e8\u2b1c \U0001f7e8\u2b1c\u2b1c\u2b1c\U0001f7e8\n\u2b1c\u2b1c\u2b1c\u2b1c\u2b1c \u2b1c\u2b1c\u2b1c\U0001f7e8\u2b1c\n\u2b1c\u2b1c\U0001f7e8\u2b1c\u2b1c \u2b1c\U0001f7e8\u2b1c\u2b1c\u2b1c\n\u2b1c\u2b1c\U0001f7e8\u2b1c\u2b1c \u2b1c\u2b1c\u2b1c\u2b1c\U0001f7e9\n\n\u2b1c\u2b1c\u2b1c\u2b1c\u2b1c \u2b1c\u2b1c\u2b1c\u2b1c\U0001f7e8\n\u2b1c\u2b1c\u2b1c\u2b1c\U0001f7e8 \U0001f7e9\u2b1c\u2b1c\u2b1c\U0001f7e9\n\u2b1c\u2b1c\u2b1c\U0001f7e8\u2b1c \U0001f7e9\u2b1c\u2b1c\U0001f7e8\u2b1c\n\u2b1c\u2b1c\U0001f7e8\u2b1c\u2b1c \U0001f7e9\U0001f7e9\U0001f7e8\u2b1c\u2b1c\n\u2b1c\U0001f7e8\U0001f7e8\u2b1c\u2b1c \U0001f7e9\u2b1c\U0001f7e8\u2b1c\u2b1c\n\u2b1c\u2b1c\U0001f7e8\u2b1c\U0001f7e8 \U0001f7e9\U0001f7e9\u2b1c\u2b1c\U0001f7e9\n\u2b1c\u2b1c\u2b1c\U0001f7e8\U0001f7e8 \U0001f7e9\U0001f7e9\U0001f7e9\U0001f7e9\U0001f7e9\n\U0001f7e8\U0001f7e8\U0001f7e8\U0001f7e9\U0001f7e9 \u2b1b\u2b1b\u2b1b\u2b1b\u2b1b\n\U0001f7e9\U0001f7e9\U0001f7e9\U0001f7e9\U0001f7e9 \u2b1b\u2b1b\u2b1b\u2b1b\u2b1b\n\n\u2b1c\u2b1c\U0001f7e8\u2b1c\u2b1c \u2b1c\u2b1c\U0001f7e8\u2b1c\u2b1c\n\u2b1c\u2b1c\U0001f7e8\u2b1c\u2b1c \u2b1c\u2b1c\U0001f7e8\u2b1c\U0001f7e8\n\u2b1c\U0001f7e8\u2b1c\u2b1c\u2b1c \u2b1c\U0001f7e8\u2b1c\U0001f7e8\u2b1c\n\u2b1c\u2b1c\u2b1c\U0001f7e8\u2b1c \u2b1c\u2b1c\U0001f7e8\U0001f7e9\u2b1c\n\u2b1c\U0001f7e8\u2b1c\U0001f7e8\u2b1c \u2b1c\u2b1c\U0001f7e8\U0001f7e9\u2b1c\n\u2b1c\u2b1c\U0001f7e8\u2b1c\u2b1c \u2b1c\u2b1c\u2b1c\u2b1c\U0001f7e8\n\u2b1c\u2b1c\u2b1c\U0001f7e8\u2b1c \u2b1c\u2b1c\u2b1c\U0001f7e8\U0001f7e8\n\u2b1c\U0001f7e9\u2b1c\U0001f7e9\U0001f7e9 \U0001f7e8\U0001f7e8\u2b1c\u2b1c\u2b1c\n\u2b1c\u2b1c\U0001f7e9\U0001f7e9\U0001f7e9 \u2b1c\U0001f7e9\U0001f7e8\u2b1c\u2b1c\n\U0001f7e9\U0001f7e9\U0001f7e9\U0001f7e9\U0001f7e9 \U0001f7e8\U0001f7e8\U0001f7e8\u2b1c\u2b1c\n\u2b1b\u2b1b\u2b1b\u2b1b\u2b1b \U0001f7e9\U0001f7e9\U0001f7e9\U0001f7e9\U0001f7e9-43-35]" time="0.008" /><testcase classname="tests.octordle_test" name="test_parse_valid_attempts[Daily Octordle #42\n3\ufe0f\u20e34\ufe0f\u20e3\n\U0001f51f\U0001f55b\n2\ufe0f\u20e36\ufe0f\u20e3\n1\ufe0f\u20e37\ufe0f\u20e3\noctordle.com\n\U0001f7e8\u2b1c\u2b1c\u2b1c\U0001f7e8 \u2b1c\U0001f7e8\u2b1c\u2b1c\u2b1c\n\u2b1c\U0001f7e8\u2b1c\u2b1c\U0001f7e8 \u2b1c\u2b1c\U0001f7e8\u2b1c\u2b1c\n\U0001f7e9\U0001f7e9\U0001f7e9\U0001f7e9\U0001f7e9 \U0001f7e9\u2b1c\u2b1c\u2b1c\u2b1c\n\u2b1b\u2b1b\u2b1b\u2b1b\u2b1b \U0001f7e9\U0001f7e9\U0001f7e9\U0001f7e9\U0001f7e9\n\n\u2b1c\u2b1c\u2b1c\U0001f7e8\u2b1c \U0001f7e8\u2b1c\u2b1c\u2b1c\U0001f7e8\n\u2b1c\u2b1c\u2b1c\U0001f7e8\u2b1c \u2b1c\u2b1c\u2b1c\u2b1c\U0001f7e8\n\u2b1c\u2b1c\u2b1c\u2b1c\U0001f7e8 \u2b1c\U0001f7e8\u2b1c\U0001f7e8\u2b1c\n\u2b1c\u2b1c\U0001f7e8\u2b1c\u2b1c \u2b1c\u2b1c\u2b1c\u2b1c\U0001f7e9\n\u2b1c\u2b1c\u2b1c\u2b1c\u2b1c \u2b1c\u2b1c\u2b1c\u2b1c\u2b1c\n\u2b1c\u2b1c\u2b1c\u2b1c\u2b1c \u2b1c\u2b1c\u2b1c\u2b1c\u2b1c\n\u2b1c\u2b1c\u2b1c\u2b1c\u2b1c \u2b1c\u2b1c\u2b1c\U0001f7e8\u2b1c\n\U0001f7e8\U0001f7e8\U0001f7e8\u2b1c\u2b1c \u2b1c\u2b1c\u2b1c\u2b1c\u2b1c\n\U0001f7e9\u2b1c\U0001f7e9\u2b1c\u2b1c \U0001f7e8\u2b1c\u2b1c\u2b1c\U0001f7e8\n\U0001f7e9\U0001f7e9\U0001f7e9\U0001f7e9\U0001f7e9 \U0001f7e8\u2b1c\u2b1c\u2b1c\u2b1c\n\u2b1b\u2b1b\u2b1b\u2b1b\u2b1b \U0001f7e8\U0001f7e9\U0001f7e9\U0001f7e8\U0001f7e9\n\u2b1b\u2b1b\u2b1b\u2b1b\u2b1b \U0001f7e9\U0001f7e9\U0001f7e9\U0001f7e9\U0001f7e9\n\n\u2b1c\u2b1c\U0001f7e9\U0001f7e9\U0001f7e9 \u2b1c\U0001f7e8\u2b1c\u2b1c\u2b1c\n\U0001f7e9\U0001f7e9\U0001f7e9\U0001f7e9\U0001f7e9 \u2b1c\U0001f7e8\U0001f7e8\u2b1c\u2b1c\n\u2b1b\u2b1b\u2b1b\u2b1b\u2b1b \U0001f7e9\u2b1c\U0001f7e8\u2b1c\u2b1c\n\u2b1b\u2b1b\u2b1b\u2b1b\u2b1b \U0001f7e9\u2b1c\u2b1c\U0001f7e9\u2b1c\n\u2b1b\u2b1b\u2b1b\u2b1b\u2b1b \U0001f7e9\U0001f7e9\U0001f7e8\U0001f7e9\u2b1c\n\u2b1b\u2b1b\u2b1b\u2b1b\u2b1b \U0001f7e9\U0001f7e9\U0001f7e9\U0001f7e9\U0001f7e9\n\n\U0001f7e9\U0001f7e9\U0001f7e9\U0001f7e9\U0001f7e9 \U0001f7e8\U0001f7e8\U0001f7e8\u2b1c\u2b1c\n\u2b1b\u2b1b\u2b1b\u2b1b\u2b1b \u2b1c\U0001f7e9\U0001f7e8\u2b1c\u2b1c\n\u2b1b\u2b1b\u2b1b\u2b1b\u2b1b \u2b1c\u2b1c\U0001f7e8\U0001f7e9\u2b1c\n\u2b1b\u2b1b\u2b1b\u2b1b\u2b1b \u2b1c\u2b1c\u2b1c\U0001f7e8\u2b1c\n\u2b1b\u2b1b\u2b1b\u2b1b\u2b1b \u2b1c\u2b1c\U0001f7e8\U0001f7e8\U0001f7e9\n\u2b1b\u2b1b\u2b1b\u2b1b\u2b1b \u2b1c\u2b1c\u2b1c\U0001f7e8\U0001f7e8\n\u2b1b\u2b1b\u2b1b\u2b1b\u2b1b \U0001f7e9\U0001f7e9\U0001f7e9\U0001f7e9\U0001f7e9-42-76]" time="0.007" /><testcase classname="tests.octordle_test" name="test_parse_invalid_attempts[Daily Octordle #5\n5\ufe0f\u20e3\U0001f550\n\U0001f7e5\U0001f7e5\n9\ufe0f\u20e37\ufe0f\u20e3\n\U0001f51f\U0001f55a\noctordle.com\n\u2b1c\U0001f7e8\U0001f7e8\u2b1c\U0001f7e8 \u2b1c\u2b1c\u2b1c\u2b1c\U0001f7e8\n\U0001f7e9\u2b1c\U0001f7e8\U0001f7e8\U0001f7e8 \U0001f7e9\u2b1c\u2b1c\u2b1c\u2b1c\n\U0001f7e9\U0001f7e8\U0001f7e8\U0001f7e8\u2b1c \U0001f7e9\u2b1c\u2b1c\u2b1c\u2b1c\n\U0001f7e9\u2b1c\U0001f7e9\U0001f7e9\U0001f7e9 \U0001f7e9\u2b1c\u2b1c\u2b1c\u2b1c\n\U0001f7e9\U0001f7e9\U0001f7e9\U0001f7e9\U0001f7e9 \U0001f7e9\u2b1c\u2b1c\u2b1c\u2b1c\n\u2b1b\u2b1b\u2b1b\u2b1b\u2b1b \U0001f7e9\u2b1c\u2b1c\U0001f7e8\u2b1c\n\u2b1b\u2b1b\u2b1b\u2b1b\u2b1b \U0001f7e9\u2b1c\u2b1c\U0001f7e9\u2b1c\n\u2b1b\u2b1b\u2b1b\u2b1b\u2b1b \u2b1c\U0001f7e8\u2b1c\u2b1c\u2b1c\n\u2b1b\u2b1b\u2b1b\u2b1b\u2b1b \u2b1c\u2b1c\U0001f7e8\u2b1c\u2b1c\n\u2b1b\u2b1b\u2b1b\u2b1b\u2b1b \u2b1c\U0001f7e8\u2b1c\u2b1c\u2b1c\n\u2b1b\u2b1b\u2b1b\u2b1b\u2b1b \U0001f7e8\u2b1c\u2b1c\u2b1c\u2b1c\n\u2b1b\u2b1b\u2b1b\u2b1b\u2b1b \U0001f7e9\U0001f7e9\U0001f7e9\U0001f7e9\u2b1c\n\u2b1b\u2b1b\u2b1b\u2b1b\u2b1b \U0001f7e9\U0001f7e9\U0001f7e9\U0001f7e9\U0001f7e9\n\n\u2b1c\U0001f7e9\u2b1c\U0001f7e8\u2b1c \u2b1c\u2b1c\U0001f7e9\u2b1c\u2b1c\n\u2b1c\U0001f7e8\u2b1c\U0001f7e8\u2b1c \u2b1c\U0001f7e8\U0001f7e9\u2b1c\u2b1c\n\u2b1c\u2b1c\U0001f7e8\u2b1c\u2b1c \u2b1c\U0001f7e8\u2b1c\u2b1c\u2b1c\n\u2b1c\u2b1c\u2b1c\u2b1c\U0001f7e8 \u2b1c\u2b1c\u2b1c\U0001f7e8\u2b1c\n\u2b1c\u2b1c\u2b1c\u2b1c\U0001f7e8 \u2b1c\U0001f7e8\u2b1c\U0001f7e8\u2b1c\n\u2b1c\u2b1c\U0001f7e9\u2b1c\u2b1c \u2b1c\u2b1c\u2b1c\U0001f7e8\u2b1c\n\u2b1c\u2b1c\u2b1c\u2b1c\u2b1c \u2b1c\u2b1c\u2b1c\u2b1c\u2b1c\n\u2b1c\u2b1c\u2b1c\U0001f7e8\u2b1c \u2b1c\u2b1c\u2b1c\u2b1c\U0001f7e8\n\u2b1c\u2b1c\u2b1c\U0001f7e8\u2b1c \u2b1c\u2b1c\u2b1c\u2b1c\U0001f7e8\n\u2b1c\u2b1c\u2b1c\U0001f7e8\u2b1c \U0001f7e8\u2b1c\u2b1c\u2b1c\U0001f7e8\n\u2b1c\u2b1c\u2b1c\u2b1c\u2b1c \u2b1c\u2b1c\u2b1c\U0001f7e8\u2b1c\n\u2b1c\u2b1c\U0001f7e8\u2b1c\u2b1c \u2b1c\U0001f7e8\u2b1c\u2b1c\u2b1c\n\u2b1c\u2b1c\U0001f7e8\u2b1c\u2b1c \u2b1c\u2b1c\u2b1c\u2b1c\U0001f7e9\n\n\u2b1c\u2b1c\u2b1c\u2b1c\u2b1c \u2b1c\u2b1c\u2b1c\u2b1c\U0001f7e8\n\u2b1c\u2b1c\u2b1c\u2b1c\U0001f7e8 \U0001f7e9\u2b1c\u2b1c\u2b1c\U0001f7e9\n\u2b1c\u2b1c\u2b1c\U0001f7e8\u2b1c \U0001f7e9\u2b1c\u2b1c\U0001f7e8\u2b1c\n\u2b1c\u2b1c\U0001f7e8\u2b1c\u2b1c \U0001f7e9\U0001f7e9\U0001f7e8\u2b1c\u2b1c\n\u2b1c\U0001f7e8\U0001f7e8\u2b1c\u2b1c \U0001f7e9\u2b1c\U0001f7e8\u2b1c\u2b1c\n\u2b1c\u2b1c\U0001f7e8\u2b1c\U0001f7e8 \U0001f7e9\U0001f7e9\u2b1c\u2b1c\U0001f7e9\n\u2b1c\u2b1c\u2b1c\U0001f7e8\U0001f7e8 \U0001f7e9\U0001f7e9\U0001f7e9\U0001f7e9\U0001f7e9\n\U0001f7e8\U0001f7e8\U0001f7e8\U0001f7e9\U0001f7e9 \u2b1b\u2b1b\u2b1b\u2b1b\u2b1b\n\U0001f7e9\U0001f7e9\U0001f7e9\U0001f7e9\U0001f7e9 \u2b1b\u2b1b\u2b1b\u2b1b\u2b1b\n\n\u2b1c\u2b1c\U0001f7e8\u2b1c\u2b1c \u2b1c\u2b1c\U0001f7e8\u2b1c\u2b1c\n\u2b1c\u2b1c\U0001f7e8\u2b1c\u2b1c \u2b1c\u2b1c\U0001f7e8\u2b1c\U0001f7e8\n\u2b1c\U0001f7e8\u2b1c\u2b1c\u2b1c \u2b1c\U0001f7e8\u2b1c\U0001f7e8\u2b1c\n\u2b1c\u2b1c\u2b1c\U0001f7e8\u2b1c \u2b1c\u2b1c\U0001f7e8\U0001f7e9\u2b1c\n\u2b1c\U0001f7e8\u2b1c\U0001f7e8\u2b1c \u2b1c\u2b1c\U0001f7e8\U0001f7e9\u2b1c\n\u2b1c\u2b1c\U0001f7e8\u2b1c\u2b1c \u2b1c\u2b1c\u2b1c\u2b1c\U0001f7e8\n\u2b1c\u2b1c\u2b1c\U0001f7e8\u2b1c \u2b1c\u2b1c\u2b1c\U0001f7e8\U0001f7e8\n\u2b1c\U0001f7e9\u2b1c\U0001f7e9\U0001f7e9 \U0001f7e8\U0001f7e8\u2b1c\u2b1c\u2b1c\n\u2b1c\u2b1c\U0001f7e9\U0001f7e9\U0001f7e9 \u2b1c\U0001f7e9\U0001f7e8\u2b1c\u2b1c\n\U0001f7e9\U0001f7e9\U0001f7e9\U0001f7e9\U0001f7e9 \U0001f7e8\U0001f7e8\U0001f7e8\u2b1c\u2b1c\n\u2b1b\u2b1b\u2b1b\u2b1b\u2b1b \U0001f7e9\U0001f7e9\U0001f7e9\U0001f7e9\U0001f7e9-InvalidDay]" time="0.007" /><testcase classname="tests.octordle_test" name="test_parse_invalid_attempts[Daily Octordle #43\n5\ufe0f\u20e36\ufe0f\u20e3\n8\ufe0f\u20e37\ufe0f\u20e3\n\U0001f7e5\U0001f7e5\n\U0001f7e5\U0001f7e5\noctordle.com\n\u2b1c\U0001f7e8\U0001f7e8\u2b1c\U0001f7e8 \u2b1c\u2b1c\u2b1c\u2b1c\U0001f7e8\n\U0001f7e9\u2b1c\U0001f7e8\U0001f7e8\U0001f7e8 \U0001f7e9\u2b1c\u2b1c\u2b1c\u2b1c\n\U0001f7e9\U0001f7e8\U0001f7e8\U0001f7e8\u2b1c \U0001f7e9\u2b1c\u2b1c\u2b1c\u2b1c\n\U0001f7e9\u2b1c\U0001f7e9\U0001f7e9\U0001f7e9 \U0001f7e9\u2b1c\u2b1c\u2b1c\u2b1c\n\U0001f7e9\U0001f7e9\U0001f7e9\U0001f7e9\U0001f7e9 \U0001f7e9\u2b1c\u2b1c\u2b1c\u2b1c\n\u2b1b\u2b1b\u2b1b\u2b1b\u2b1b \U0001f7e9\u2b1c\u2b1c\U0001f7e8\u2b1c\n\u2b1b\u2b1b\u2b1b\u2b1b\u2b1b \U0001f7e9\u2b1c\u2b1c\U0001f7e9\u2b1c\n\u2b1b\u2b1b\u2b1b\u2b1b\u2b1b \u2b1c\U0001f7e8\u2b1c\u2b1c\u2b1c\n\u2b1b\u2b1b\u2b1b\u2b1b\u2b1b \u2b1c\u2b1c\U0001f7e8\u2b1c\u2b1c\n\u2b1b\u2b1b\u2b1b\u2b1b\u2b1b \u2b1c\U0001f7e8\u2b1c\u2b1c\u2b1c\n\u2b1b\u2b1b\u2b1b\u2b1b\u2b1b \U0001f7e8\u2b1c\u2b1c\u2b1c\u2b1c\n\u2b1b\u2b1b\u2b1b\u2b1b\u2b1b \U0001f7e9\U0001f7e9\U0001f7e9\U0001f7e9\u2b1c\n\u2b1b\u2b1b\u2b1b\u2b1b\u2b1b \U0001f7e9\U0001f7e9\U0001f7e9\U0001f7e9\U0001f7e9\n\n\u2b1c\U0001f7e9\u2b1c\U0001f7e8\u2b1c \u2b1c\u2b1c\U0001f7e9\u2b1c\u2b1c\n\u2b1c\U0001f7e8\u2b1c\U0001f7e8\u2b1c \u2b1c\U0001f7e8\U0001f7e9\u2b1c\u2b1c\n\u2b1c\u2b1c\U0001f7e8\u2b1c\u2b1c \u2b1c\U0001f7e8\u2b1c\u2b1c\u2b1c\n\u2b1c\u2b1c\u2b1c\u2b1c\U0001f7e8 \u2b1c\u2b1c\u2b1c\U0001f7e8\u2b1c\n\u2b1c\u2b1c\u2b1c\u2b1c\U0001f7e8 \u2b1c\U0001f7e8\u2b1c\U0001f7e8\u2b1c\n\u2b1c\u2b1c\U0001f7e9\u2b1c\u2b1c \u2b1c\u2b1c\u2b1c\U0001f7e8\u2b1c\n\u2b1c\u2b1c\u2b1c\u2b1c\u2b1c \u2b1c\u2b1c\u2b1c\u2b1c\u2b1c\n\u2b1c\u2b1c\u2b1c\U0001f7e8\u2b1c \u2b1c\u2b1c\u2b1c\u2b1c\U0001f7e8\n\u2b1c\u2b1c\u2b1c\U0001f7e8\u2b1c \u2b1c\u2b1c\u2b1c\u2b1c\U0001f7e8\n\u2b1c\u2b1c\u2b1c\U0001f7e8\u2b1c \U0001f7e8\u2b1c\u2b1c\u2b1c\U0001f7e8\n\u2b1c\u2b1c\u2b1c\u2b1c\u2b1c \u2b1c\u2b1c\u2b1c\U0001f7e8\u2b1c\n\u2b1c\u2b1c\U0001f7e8\u2b1c\u2b1c \u2b1c\U0001f7e8\u2b1c\u2b1c\u2b1c\n\u2b1c\u2b1c\U0001f7e8\u2b1c\u2b1c \u2b1c\u2b1c\u2b1c\u2b1c\U0001f7e9\n\n\u2b1c\u2b1c\u2b1c\u2b1c\u2b1c \u2b1c\u2b1c\u2b1c\u2b1c\U0001f7e8\n\u2b1c\u2b1c\u2b1c\u2b1c\U0001f7e8 \U0001f7e9\u2b1c\u2b1c\u2b1c\U0001f7e9\n\u2b1c\u2b1c\u2b1c\U0001f7e8\u2b1c \U0001f7e9\u2b1c\u2b1c\U0001f7e8\u2b1c\n\u2b1c\u2b1c\U0001f7e8\u2b1c\u2b1c \U0001f7e9\U0001f7e9\U0001f7e8\u2b1c\u2b1c\n\u2b1c\U0001f7e8\U0001f7e8\u2b1c\u2b1c \U0001f7e9\u2b1c\U0001f7e8\u2b1c\u2b1c\n\u2b1c\u2b1c\U0001f7e8\u2b1c\U0001f7e8 \U0001f7e9\U0001f7e9\u2b1c\u2b1c\U0001f7e9\n\u2b1c\u2b1c\u2b1c\U0001f7e8\U0001f7e8 \U0001f7e9\U0001f7e9\U0001f7e9\U0001f7e9\U0001f7e9\n\U0001f7e8\U0001f7e8\U0001f7e8\U0001f7e9\U0001f7e9 \u2b1b\u2b1b\u2b1b\u2b1b\u2b1b\n\U0001f7e9\U0001f7e9\U0001f7e9\U0001f7e9\U0001f7e9 \u2b1b\u2b1b\u2b1b\u2b1b\u2b1b\n\n\u2b1c\u2b1c\U0001f7e8\u2b1c\u2b1c \u2b1c\u2b1c\U0001f7e8\u2b1c\u2b1c\n\u2b1c\u2b1c\U0001f7e8\u2b1c\u2b1c \u2b1c\u2b1c\U0001f7e8\u2b1c\U0001f7e8\n\u2b1c\U0001f7e8\u2b1c\u2b1c\u2b1c \u2b1c\U0001f7e8\u2b1c\U0001f7e8\u2b1c\n\u2b1c\u2b1c\u2b1c\U0001f7e8\u2b1c \u2b1c\u2b1c\U0001f7e8\U0001f7e9\u2b1c\n\u2b1c\U0001f7e8\u2b1c\U0001f7e8\u2b1c \u2b1c\u2b1c\U0001f7e8\U0001f7e9\u2b1c\n\u2b1c\u2b1c\U0001f7e8\u2b1c\u2b1c \u2b1c\u2b1c\u2b1c\u2b1c\U0001f7e8\n\u2b1c\u2b1c\u2b1c\U0001f7e8\u2b1c \u2b1c\u2b1c\u2b1c\U0001f7e8\U0001f7e8\n\u2b1c\U0001f7e9\u2b1c\U0001f7e9\U0001f7e9 \U0001f7e8\U0001f7e8\u2b1c\u2b1c\u2b1c\n\u2b1c\u2b1c\U0001f7e9\U0001f7e9\U0001f7e9 \u2b1c\U0001f7e9\U0001f7e8\u2b1c\u2b1c\n\U0001f7e9\U0001f7e9\U0001f7e9\U0001f7e9\U0001f7e9 \U0001f7e8\U0001f7e8\U0001f7e8\u2b1c\u2b1c\n\u2b1b\u2b1b\u2b1b\u2b1b\u2b1b \U0001f7e9\U0001f7e9\U0001f7e9\U0001f7e9\U0001f7e9-InvalidScore]" time="0.007" /><testcase classname="tests.octordle_test" name="test_parse_invalid_attempts[Daily Octordle #43\n6\ufe0f\u20e36\ufe0f\u20e3\n6\ufe0f\u20e36\ufe0f\u20e3\n6\ufe0f\u20e36\ufe0f\u20e3\n6\ufe0f\u20e36\ufe0f\u20e3\noctordle.com\n\u2b1c\U0001f7e8\U0001f7e8\u2b1c\U0001f7e8 \u2b1c\u2b1c\u2b1c\u2b1c\U0001f7e8\n\U0001f7e9\u2b1c\U0001f7e8\U0001f7e8\U0001f7e8 \U0001f7e9\u2b1c\u2b1c\u2b1c\u2b1c\n\U0001f7e9\U0001f7e8\U0001f7e8\U0001f7e8\u2b1c \U0001f7e9\u2b1c\u2b1c\u2b1c\u2b1c\n\U0001f7e9\u2b1c\U0001f7e9\U0001f7e9\U0001f7e9 \U0001f7e9\u2b1c\u2b1c\u2b1c\u2b1c\n\U0001f7e9\U0001f7e9\U0001f7e9\U0001f7e9\U0001f7e9 \U0001f7e9\u2b1c\u2b1c\u2b1c\u2b1c\n\u2b1b\u2b1b\u2b1b\u2b1b\u2b1b \U0001f7e9\u2b1c\u2b1c\U0001f7e8\u2b1c\n\u2b1b\u2b1b\u2b1b\u2b1b\u2b1b \U0001f7e9\u2b1c\u2b1c\U0001f7e9\u2b1c\n\u2b1b\u2b1b\u2b1b\u2b1b\u2b1b \u2b1c\U0001f7e8\u2b1c\u2b1c\u2b1c\n\u2b1b\u2b1b\u2b1b\u2b1b\u2b1b \u2b1c\u2b1c\U0001f7e8\u2b1c\u2b1c\n\u2b1b\u2b1b\u2b1b\u2b1b\u2b1b \u2b1c\U0001f7e8\u2b1c\u2b1c\u2b1c\n\u2b1b\u2b1b\u2b1b\u2b1b\u2b1b \U0001f7e8\u2b1c\u2b1c\u2b1c\u2b1c\n\u2b1b\u2b1b\u2b1b\u2b1b\u2b1b \U0001f7e9\U0001f7e9\U0001f7e9\U0001f7e9\u2b1c\n\u2b1b\u2b1b\u2b1b\u2b1b\u2b1b \U0001f7e9\U0001f7e9\U0001f7e9\U0001f7e9\U0001f7e9\n\n\u2b1c\U0001f7e9\u2b1c\U0001f7e8\u2b1c \u2b1c\u2b1c\U0001f7e9\u2b1c\u2b1c\n\u2b1c\U0001f7e8\u2b1c\U0001f7e8\u2b1c \u2b1c\U0001f7e8\U0001f7e9\u2b1c\u2b1c\n\u2b1c\u2b1c\U0001f7e8\u2b1c\u2b1c \u2b1c\U0001f7e8\u2b1c\u2b1c\u2b1c\n\u2b1c\u2b1c\u2b1c\u2b1c\U0001f7e8 \u2b1c\u2b1c\u2b1c\U0001f7e8\u2b1c\n\u2b1c\u2b1c\u2b1c\u2b1c\U0001f7e8 \u2b1c\U0001f7e8\u2b1c\U0001f7e8\u2b1c\n\u2b1c\u2b1c\U0001f7e9\u2b1c\u2b1c \u2b1c\u2b1c\u2b1c\U0001f7e8\u2b1c\n\u2b1c\u2b1c\u2b1c\u2b1c\u2b1c \u2b1c\u2b1c\u2b1c\u2b1c\u2b1c\n\u2b1c\u2b1c\u2b1c\U0001f7e8\u2b1c \u2b1c\u2b1c\u2b1c\u2b1c\U0001f7e8\n\u2b1c\u2b1c\u2b1c\U0001f7e8\u2b1c \u2b1c\u2b1c\u2b1c\u2b1c\U0001f7e8\n\u2b1c\u2b1c\u2b1c\U0001f7e8\u2b1c \U0001f7e8\u2b1c\u2b1c\u2b1c\U0001f7e8\n\u2b1c\u2b1c\u2b1c\u2b1c\u2b1c \u2b1c\u2b1c\u2b1c\U0001f7e8\u2b1c\n\u2b1c\u2b1c\U0001f7e8\u2b1c\u2b1c \u2b1c\U0001f7e8\u2b1c\u2b1c\u2b1c\n\u2b1c\u2b1c\U0001f7e8\u2b1c\u2b1c \u2b1c\u2b1c\u2b1c\u2b1c\U0001f7e9\n\n\u2b1c\u2b1c\u2b1c\u2b1c\u2b1c \u2b1c\u2b1c\u2b1c\u2b1c\U0001f7e8\n\u2b1c\u2b1c\u2b1c\u2b1c\U0001f7e8 \U0001f7e9\u2b1c\u2b1c\u2b1c\U0001f7e9\n\u2b1c\u2b1c\u2b1c\U0001f7e8\u2b1c \U0001f7e9\u2b1c\u2b1c\U0001f7e8\u2b1c\n\u2b1c\u2b1c\U0001f7e8\u2b1c\u2b1c \U0001f7e9\U0001f7e9\U0001f7e8\u2b1c\u2b1c\n\u2b1c\U0001f7e8\U0001f7e8\u2b1c\u2b1c \U0001f7e9\u2b1c\U0001f7e8\u2b1c\u2b1c\n\u2b1c\u2b1c\U0001f7e8\u2b1c\U0001f7e8 \U0001f7e9\U0001f7e9\u2b1c\u2b1c\U0001f7e9\n\u2b1c\u2b1c\u2b1c\U0001f7e8\U0001f7e8 \U0001f7e9\U0001f7e9\U0001f7e9\U0001f7e9\U0001f7e9\n\U0001f7e8\U0001f7e8\U0001f7e8\U0001f7e9\U0001f7e9 \u2b1b\u2b1b\u2b1b\u2b1b\u2b1b\n\U0001f7e9\U0001f7e9\U0001f7e9\U0001f7e9\U0001f7e9 \u2b1b\u2b1b\u2b1b\u2b1b\u2b1b\n\n\u2b1c\u2b1c\U0001f7e8\u2b1c\u2b1c \u2b1c\u2b1c\U0001f7e8\u2b1c\u2b1c\n\u2b1c\u2b1c\U0001f7e8\u2b1c\u2b1c \u2b1c\u2b1c\U0001f7e8\u2b1c\U0001f7e8\n\u2b1c\U0001f7e8\u2b1c\u2b1c\u2b1c \u2b1c\U0001f7e8\u2b1c\U0001f7e8\u2b1c\n\u2b1c\u2b1c\u2b1c\U0001f7e8\u2b1c \u2b1c\u2b1c\U0001f7e8\U0001f7e9\u2b1c\n\u2b1c\U0001f7e8\u2b1c\U0001f7e8\u2b1c \u2b1c\u2b1c\U0001f7e8\U0001f7e9\u2b1c\n\u2b1c\u2b1c\U0001f7e8\u2b1c\u2b1c \u2b1c\u2b1c\u2b1c\u2b1c\U0001f7e8\n\u2b1c\u2b1c\u2b1c\U0001f7e8\u2b1c \u2b1c\u2b1c\u2b1c\U0001f7e8\U0001f7e8\n\u2b1c\U0001f7e9\u2b1c\U0001f7e9\U0001f7e9 \U0001f7e8\U0001f7e8\u2b1c\u2b1c\u2b1c\n\u2b1c\u2b1c\U0001f7e9\U0001f7e9\U0001f7e9 \u2b1c\U0001f7e9\U0001f7e8\u2b1c\u2b1c\n\U0001f7e9\U0001f7e9\U0001f7e9\U0001f7e9\U0001f7e9 \U0001f7e8\U0001f7e8\U0001f7e8\u2b1c\u2b1c\n\u2b1b\u2b1b\u2b1b\u2b1b\u2b1b \U0001f7e9\U0001f7e9\U0001f7e9\U0001f7e9\U0001f7e9-InvalidScore]" time="0.007" /><testcase classname="tests.octordle_test" name="test_parse_invalid_attempts[Daily Octordle #43\n6\ufe0f\u20e36\ufe0f\u20e36\ufe0f\u20e36\ufe0f\u20e36\ufe0f\u20e36\ufe0f\u20e36\ufe0f\u20e36\ufe0f\u20e3\noctordle.com\n\u2b1c\U0001f7e8\U0001f7e8\u2b1c\U0001f7e8 \u2b1c\u2b1c\u2b1c\u2b1c\U0001f7e8\n\U0001f7e9\u2b1c\U0001f7e8\U0001f7e8\U0001f7e8 \U0001f7e9\u2b1c\u2b1c\u2b1c\u2b1c\n\U0001f7e9\U0001f7e8\U0001f7e8\U0001f7e8\u2b1c \U0001f7e9\u2b1c\u2b1c\u2b1c\u2b1c\n\U0001f7e9\u2b1c\U0001f7e9\U0001f7e9\U0001f7e9 \U0001f7e9\u2b1c\u2b1c\u2b1c\u2b1c\n\U0001f7e9\U0001f7e9\U0001f7e9\U0001f7e9\U0001f7e9 \U0001f7e9\u2b1c\u2b1c\u2b1c\u2b1c\n\u2b1b\u2b1b\u2b1b\u2b1b\u2b1b \U0001f7e9\u2b1c\u2b1c\U0001f7e8\u2b1c\n\u2b1b\u2b1b\u2b1b\u2b1b\u2b1b \U0001f7e9\u2b1c\u2b1c\U0001f7e9\u2b1c\n\u2b1b\u2b1b\u2b1b\u2b1b\u2b1b \u2b1c\U0001f7e8\u2b1c\u2b1c\u2b1c\n\u2b1b\u2b1b\u2b1b\u2b1b\u2b1b \u2b1c\u2b1c\U0001f7e8\u2b1c\u2b1c\n\u2b1b\u2b1b\u2b1b\u2b1b\u2b1b \u2b1c\U0001f7e8\u2b1c\u2b1c\u2b1c\n\u2b1b\u2b1b\u2b1b\u2b1b\u2b1b \U0001f7e8\u2b1c\u2b1c\u2b1c\u2b1c\n\u2b1b\u2b1b\u2b1b\u2b1b\u2b1b \U0001f7e9\U0001f7e9\U0001f7e9\U0001f7e9\u2b1c\n\u2b1b\u2b1b\u2b1b\u2b1b\u2b1b \U0001f7e9\U0001f7e9\U0001f7e9\U0001f7e9\U0001f7e9\n\n\u2b1c\U0001f7e9\u2b1c\U0001f7e8\u2b1c \u2b1c\u2b1c\U0001f7e9\u2b1c\u2b1c\n\u2b1c\U0001f7e8\u2b1c\U0001f7e8\u2b1c \u2b1c\U0001f7e8\U0001f7e9\u2b1c\u2b1c\n\u2b1c\u2b1c\U0001f7e8\u2b1c\u2b1c \u2b1c\U0001f7e8\u2b1c\u2b1c\u2b1c\n\u2b1c\u2b1c\u2b1c\u2b1c\U0001f7e8 \u2b1c\u2b1c\u2b1c\U0001f7e8\u2b1c\n\u2b1c\u2b1c\u2b1c\u2b1c\U0001f7e8 \u2b1c\U0001f7e8\u2b1c\U0001f7e8\u2b1c\n\u2b1c\u2b1c\U0001f7e9\u2b1c\u2b1c \u2b1c\u2b1c\u2b1c\U0001f7e8\u2b1c\n\u2b1c\u2b1c\u2b1c\u2b1c\u2b1c \u2b1c\u2b1c\u2b1c\u2b1c\u2b1c\n\u2b1c\u2b1c\u2b1c\U0001f7e8\u2b1c \u2b1c\u2b1c\u2b1c\u2b1c\U0001f7e8\n\u2b1c\u2b1c\u2b1c\U0001f7e8\u2b1c \u2b1c\u2b1c\u2b1c\u2b1c\U0001f7e8\n\u2b1c\u2b1c\u2b1c\U0001f7e8\u2b1c \U0001f7e8\u2b1c\u2b1c\u2b1c\U0001f7e8\n\u2b1c\u2b1c\u2b1c\u2b1c\u2b1c \u2b1c\u2b1c\u2b1c\U0001f7e8\u2b1c\n\u2b1c\u2b1c\U0001f7e8\u2b1c\u2b1c \u2b1c\U0001f7e8\u2b1c\u2b1c\u2b1c\n\u2b1c\u2b1c\U0001f7e8\u2b1c\u2b1c \u2b1c\u2b1c\u2b1c\u2b1c\U0001f7e9\n\n\u2b1c\u2b1c\u2b1c\u2b1c\u2b1c \u2b1c\u2b1c\u2b1c\u2b1c\U0001f7e8\n\u2b1c\u2b1c\u2b1c\u2b1c\U0001f7e8 \U0001f7e9\u2b1c\u2b1c\u2b1c\U0001f7e9\n\u2b1c\u2b1c\u2b1c\U0001f7e8\u2b1c \U0001f7e9\u2b1c\u2b1c\U0001f7e8\u2b1c\n\u2b1c\u2b1c\U0001f7e8\u2b1c\u2b1c \U0001f7e9\U0001f7e9\U0001f7e8\u2b1c\u2b1c\n\u2b1c\U0001f7e8\U0001f7e8\u2b1c\u2b1c \U0001f7e9\u2b1c\U0001f7e8\u2b1c\u2b1c\n\u2b1c\u2b1c\U0001f7e8\u2b1c\U0001f7e8 \U0001f7e9\U0001f7e9\u2b1c\u2b1c\U0001f7e9\n\u2b1c\u2b1c\u2b1c\U0001f7e8\U0001f7e8 \U0001f7e9\U0001f7e9\U0001f7e9\U0001f7e9\U0001f7e9\n\U0001f7e8\U0001f7e8\U0001f7e8\U0001f7e9\U0001f7e9 \u2b1b\u2b1b\u2b1b\u2b1b\u2b1b\n\U0001f7e9\U0001f7e9\U0001f7e9\U0001f7e9\U0001f7e9 \u2b1b\u2b1b\u2b1b\u2b1b\u2b1b\n\n\u2b1c\u2b1c\U0001f7e8\u2b1c\u2b1c \u2b1c\u2b1c\U0001f7e8\u2b1c\u2b1c\n\u2b1c\u2b1c\U0001f7e8\u2b1c\u2b1c \u2b1c\u2b1c\U0001f7e8\u2b1c\U0001f7e8\n\u2b1c\U0001f7e8\u2b1c\u2b1c\u2b1c \u2b1c\U0001f7e8\u2b1c\U0001f7e8\u2b1c\n\u2b1c\u2b1c\u2b1c\U0001f7e8\u2b1c \u2b1c\u2b1c\U0001f7e8\U0001f7e9\u2b1c\n\u2b1c\U0001f7e8\u2b1c\U0001f7e8\u2b1c \u2b1c\u2b1c\U0001f7e8\U0001f7e9\u2b1c\n\u2b1c\u2b1c\U0001f7e8\u2b1c\u2b1c \u2b1c\u2b1c\u2b1c\u2b1c\U0001f7e8\n\u2b1c\u2b1c\u2b1c\U0001f7e8\u2b1c \u2b1c\u2b1c\u2b1c\U0001f7e8\U0001f7e8\n\u2b1c\U0001f7e9\u2b1c\U0001f7e9\U0001f7e9 \U0001f7e8\U0001f7e8\u2b1c\u2b1c\u2b1c\n\u2b1c\u2b1c\U0001f7e9\U0001f7e9\U0001f7e9 \u2b1c\U0001f7e9\U0001f7e8\u2b1c\u2b1c\n\U0001f7e9\U0001f7e9\U0001f7e9\U0001f7e9\U0001f7e9 \U0001f7e8\U0001f7e8\U0001f7e8\u2b1c\u2b1c\n\u2b1b\u2b1b\u2b1b\u2b1b\u2b1b \U0001f7e9\U0001f7e9\U0001f7e9\U0001f7e9\U0001f7e9-InvalidFormatError]" time="0.007" /><testcase classname="tests.octordle_test" name="test_parse_invalid_attempts[Daily Octordle #43\n5\ufe0f\u20e3\U0001f550\n\U0001f7e5\U0001f7e5\n9\ufe0f\u20e37\ufe0f\u20e3\n\U0001f51f\U0001f55a\noct-InvalidFormatError]" time="0.007" /><testcase classname="tests.octordle_test" name="test_parse_score[scores0-39]" time="0.002" /><testcase classname="tests.octordle_test" name="test_parse_score[scores1-61]" time="0.002" /><testcase classname="tests.octordle_test" name="test_parse_score[scores2-76]" time="0.001" /><testcase classname="tests.octordle_test" name="test_parse_score[scores3-None]" time="0.001" /><testcase classname="tests.octordle_test" name="test_parse_score[scores4-None]" time="0.002" /><testcase classname="tests.octordle_test" name="test_parse_score[scores5-None]" time="0.002" /><testcase classname="tests.quordle_test" name="test_parse_valid_attempts[Daily Quordle #17\n5\ufe0f\u20e36\ufe0f\u20e3\n8\ufe0f\u20e37\ufe0f\u20e3\nquordle.com\n\U0001f7e9\U0001f7e8\u2b1c\u2b1c\U0001f7e8 \u2b1c\u2b1c\U0001f7e8\u2b1c\U0001f7e8\n\u2b1c\U0001f7e8\U0001f7e9\u2b1c\u2b1c \u2b1c\U0001f7e8\u2b1c\u2b1c\u2b1c\n\u2b1c\u2b1c\u2b1c\U0001f7e8\u2b1c \u2b1c\u2b1c\u2b1c\u2b1c\U0001f7e8\n\U0001f7e8\u2b1c\u2b1c\U0001f7e9\u2b1c \u2b1c\U0001f7e9\U0001f7e8\U0001f7e9\U0001f7e8\n\U0001f7e9\U0001f7e9\U0001f7e9\U0001f7e9\U0001f7e9 \u2b1c\u2b1c\u2b1c\U0001f7e9\u2b1c\n\u2b1b\u2b1b\u2b1b\u2b1b\u2b1b \U0001f7e9\U0001f7e9\U0001f7e9\U0001f7e9\U0001f7e9\n\n\u2b1c\u2b1c\u2b1c\u2b1c\U0001f7e8 \u2b1c\u2b1c\u2b1c\u2b1c\u2b1c\n\u2b1c\U0001f7e9\u2b1c\u2b1c\U0001f7e9 \u2b1c\u2b1c\u2b1c\U0001f7e9\u2b1c\n\u2b1c\u2b1c\u2b1c\U0001f7e9\u2b1c \u2b1c\u2b1c\u2b1c\u2b1c\u2b1c\n\u2b1c\u2b1c\u2b1c\U0001f7e8\u2b1c \U0001f7e9\u2b1c\u2b1c\u2b1c\u2b1c\n\u2b1c\U0001f7e8\u2b1c\U0001f7e8\u2b1c \u2b1c\u2b1c\u2b1c\u2b1c\U0001f7e8\n\u2b1c\u2b1c\u2b1c\U0001f7e8\u2b1c \u2b1c\u2b1c\u2b1c\u2b1c\U0001f7e9\n\u2b1c\u2b1c\U0001f7e8\u2b1c\u2b1c \U0001f7e9\U0001f7e9\U0001f7e9\U0001f7e9\U0001f7e9\n\U0001f7e9\U0001f7e9\U0001f7e9\U0001f7e9\U0001f7e9 \u2b1b\u2b1b\u2b1b\u2b1b\u2b1b-17-25]" time="0.007" /><testcase classname="tests.quordle_test" name="test_parse_valid_attempts[Daily Quordle #17\n6\ufe0f\u20e39\ufe0f\u20e3\n\U0001f7e58\ufe0f\u20e3\nquordle.com\n\u2b1c\u2b1c\u2b1c\U0001f7e8\u2b1c \u2b1c\u2b1c\u2b1c\u2b1c\U0001f7e8\n\U0001f7e8\U0001f7e8\u2b1c\u2b1c\u2b1c \u2b1c\U0001f7e8\u2b1c\U0001f7e8\u2b1c\n\u2b1c\u2b1c\U0001f7e8\u2b1c\u2b1c \u2b1c\U0001f7e9\u2b1c\u2b1c\u2b1c\n\u2b1c\u2b1c\U0001f7e8\u2b1c\u2b1c \u2b1c\u2b1c\u2b1c\u2b1c\U0001f7e9\n\U0001f7e8\U0001f7e8\U0001f7e9\U0001f7e9\U0001f7e8 \u2b1c\u2b1c\u2b1c\U0001f7e8\u2b1c\n\U0001f7e9\U0001f7e9\U0001f7e9\U0001f7e9\U0001f7e9 \u2b1c\u2b1c\u2b1c\U0001f7e8\u2b1c\n\u2b1b\u2b1b\u2b1b\u2b1b\u2b1b \u2b1c\u2b1c\u2b1c\u2b1c\U0001f7e8\n\u2b1b\u2b1b\u2b1b\u2b1b\u2b1b \u2b1c\U0001f7e8\u2b1c\U0001f7e8\u2b1c\n\u2b1b\u2b1b\u2b1b\u2b1b\u2b1b \U0001f7e9\U0001f7e9\U0001f7e9\U0001f7e9\U0001f7e9\n\n\u2b1c\u2b1c\U0001f7e8\u2b1c\u2b1c \u2b1c\u2b1c\u2b1c\U0001f7e8\u2b1c\n\u2b1c\U0001f7e8\u2b1c\u2b1c\U0001f7e8 \u2b1c\U0001f7e8\U0001f7e8\U0001f7e8\u2b1c\n\u2b1c\u2b1c\u2b1c\u2b1c\u2b1c \u2b1c\u2b1c\u2b1c\u2b1c\u2b1c\n\u2b1c\u2b1c\u2b1c\U0001f7e8\u2b1c \u2b1c\U0001f7e9\u2b1c\u2b1c\u2b1c\n\u2b1c\u2b1c\u2b1c\U0001f7e8\u2b1c \u2b1c\U0001f7e8\u2b1c\U0001f7e9\u2b1c\n\u2b1c\u2b1c\u2b1c\U0001f7e8\u2b1c \U0001f7e8\u2b1c\u2b1c\U0001f7e9\u2b1c\n\u2b1c\u2b1c\u2b1c\u2b1c\u2b1c \U0001f7e9\U0001f7e8\u2b1c\U0001f7e8\u2b1c\n\u2b1c\u2b1c\u2b1c\U0001f7e8\u2b1c \U0001f7e9\U0001f7e9\U0001f7e9\U0001f7e9\U0001f7e9\n\u2b1c\u2b1c\U0001f7e9\u2b1c\u2b1c \u2b1b\u2b1b\u2b1b\u2b1b\u2b1b-17-16]" time="0.008" /><testcase classname="tests.quordle_test" name="test_parse_valid_attempts[Daily Quordle #17\n4\ufe0f\u20e3\U0001f7e5\n5\ufe0f\u20e38\ufe0f\u20e3\nquordle.com\n\U0001f7e8\u2b1c\u2b1c\U0001f7e9\U0001f7e9 \u2b1c\u2b1c\u2b1c\u2b1c\U0001f7e8\n\u2b1c\U0001f7e8\u2b1c\u2b1c\U0001f7e8 \U0001f7e9\U0001f7e8\u2b1c\U0001f7e8\U0001f7e9\n\U0001f7e9\U0001f7e9\u2b1c\u2b1c\u2b1c \u2b1c\U0001f7e8\u2b1c\u2b1c\U0001f7e8\n\U0001f7e9\U0001f7e9\U0001f7e9\U0001f7e9\U0001f7e9 \u2b1c\U0001f7e8\u2b1c\u2b1c\U0001f7e8\n\u2b1b\u2b1b\u2b1b\u2b1b\u2b1b \u2b1c\u2b1c\u2b1c\u2b1c\u2b1c\n\u2b1b\u2b1b\u2b1b\u2b1b\u2b1b \u2b1c\U0001f7e9\U0001f7e8\U0001f7e9\u2b1c\n\u2b1b\u2b1b\u2b1b\u2b1b\u2b1b \u2b1c\U0001f7e8\U0001f7e8\u2b1c\u2b1c\n\u2b1b\u2b1b\u2b1b\u2b1b\u2b1b \u2b1c\U0001f7e8\U0001f7e8\u2b1c\u2b1c\n\u2b1b\u2b1b\u2b1b\u2b1b\u2b1b \U0001f7e9\U0001f7e9\u2b1c\U0001f7e9\U0001f7e9\n\n\U0001f7e8\u2b1c\u2b1c\u2b1c\u2b1c \u2b1c\u2b1c\u2b1c\u2b1c\U0001f7e8\n\u2b1c\u2b1c\u2b1c\u2b1c\u2b1c \u2b1c\U0001f7e9\U0001f7e8\U0001f7e8\u2b1c\n\U0001f7e8\u2b1c\U0001f7e8\u2b1c\u2b1c \u2b1c\u2b1c\u2b1c\u2b1c\u2b1c\n\U0001f7e8\u2b1c\U0001f7e9\u2b1c\u2b1c \u2b1c\u2b1c\u2b1c\u2b1c\U0001f7e8\n\U0001f7e9\U0001f7e9\U0001f7e9\U0001f7e9\U0001f7e9 \u2b1c\u2b1c\u2b1c\u2b1c\u2b1c\n\u2b1b\u2b1b\u2b1b\u2b1b\u2b1b \u2b1c\U0001f7e8\u2b1c\U0001f7e8\U0001f7e8\n\u2b1b\u2b1b\u2b1b\u2b1b\u2b1b \u2b1c\U0001f7e9\u2b1c\U0001f7e9\U0001f7e9\n\u2b1b\u2b1b\u2b1b\u2b1b\u2b1b \U0001f7e9\U0001f7e9\U0001f7e9\U0001f7e9\U0001f7e9-17-22]" time="0.008" /><testcase classname="tests.quordle_test" name="test_parse_invalid_attempts[Daily Quordle #24\n5\ufe0f\u20e36\ufe0f\u20e3\n8\ufe0f\u20e37\ufe0f\u20e3\nquordle.com\n\U0001f7e9\U0001f7e8\u2b1c\u2b1c\U0001f7e8 \u2b1c\u2b1c\U0001f7e8\u2b1c\U0001f7e8\n\u2b1c\U0001f7e8\U0001f7e9\u2b1c\u2b1c \u2b1c\U0001f7e8\u2b1c\u2b1c\u2b1c\n\u2b1c\u2b1c\u2b1c\U0001f7e8\u2b1c \u2b1c\u2b1c\u2b1c\u2b1c\U0001f7e8\n\U0001f7e8\u2b1c\u2b1c\U0001f7e9\u2b1c \u2b1c\U0001f7e9\U0001f7e8\U0001f7e9\U0001f7e8\n\U0001f7e9\U0001f7e9\U0001f7e9\U0001f7e9\U0001f7e9 \u2b1c\u2b1c\u2b1c\U0001f7e9\u2b1c\n\u2b1b\u2b1b\u2b1b\u2b1b\u2b1b \U0001f7e9\U0001f7e9\U0001f7e9\U0001f7e9\U0001f7e9\n\n\u2b1c\u2b1c\u2b1c\u2b1c\U0001f7e8 \u2b1c\u2b1c\u2b1c\u2b1c\u2b1c\n\u2b1c\U0001f7e9\u2b1c\u2b1c\U0001f7e9 \u2b1c\u2b1c\u2b1c\U0001f7e9\u2b1c\n\u2b1c\u2b1c\u2b1c\U0001f7e9\u2b1c \u2b1c\u2b1c\u2b1c\u2b1c\u2b1c\n\u2b1c\u2b1c\u2b1c\U0001f7e8\u2b1c \U0001f7e9\u2b1c\u2b1c\u2b1c\u2b1c\n\u2b1c\U0001f7e8\u2b1c\U0001f7e8\u2b1c \u2b1c\u2b1c\u2b1c\u2b1c\U0001f7e8\n\u2b1c\u2b1c\u2b1c\U0001f7e8\u2b1c \u2b1c\u2b1c\u2b1c\u2b1c\U0001f7e9\n\u2b1c\u2b1c\U0001f7e8\u2b1c\u2b1c \U0001f7e9\U0001f7e9\U0001f7e9\U0001f7e9\U0001f7e9\n\U0001f7e9\U0001f7e9\U0001f7e9\U0001f7e9\U0001f7e9 \u2b1b\u2b1b\u2b1b\u2b1b\u2b1b-InvalidDay]" time="0.007" /><testcase classname="tests.quordle_test" name="test_parse_invalid_attempts[Daily Quordle #17\n8\ufe0f\u20e38\ufe0f\u20e3\n8\ufe0f\u20e38\ufe0f\u20e3\nquordle.com\n\u2b1c\u2b1c\u2b1c\U0001f7e8\u2b1c \u2b1c\u2b1c\u2b1c\u2b1c\U0001f7e8\n\U0001f7e8\U0001f7e8\u2b1c\u2b1c\u2b1c \u2b1c\U0001f7e8\u2b1c\U0001f7e8\u2b1c\n\u2b1c\u2b1c\U0001f7e8\u2b1c\u2b1c \u2b1c\U0001f7e9\u2b1c\u2b1c\u2b1c\n\u2b1c\u2b1c\U0001f7e8\u2b1c\u2b1c \u2b1c\u2b1c\u2b1c\u2b1c\U0001f7e9\n\U0001f7e8\U0001f7e8\U0001f7e9\U0001f7e9\U0001f7e8 \u2b1c\u2b1c\u2b1c\U0001f7e8\u2b1c\n\U0001f7e9\U0001f7e9\U0001f7e9\U0001f7e9\U0001f7e9 \u2b1c\u2b1c\u2b1c\U0001f7e8\u2b1c\n\u2b1b\u2b1b\u2b1b\u2b1b\u2b1b \u2b1c\u2b1c\u2b1c\u2b1c\U0001f7e8\n\u2b1b\u2b1b\u2b1b\u2b1b\u2b1b \u2b1c\U0001f7e8\u2b1c\U0001f7e8\u2b1c\n\u2b1b\u2b1b\u2b1b\u2b1b\u2b1b \U0001f7e9\U0001f7e9\U0001f7e9\U0001f7e9\U0001f7e9\n\n\u2b1c\u2b1c\U0001f7e8\u2b1c\u2b1c \u2b1c\u2b1c\u2b1c\U0001f7e8\u2b1c\n\u2b1c\U0001f7e8\u2b1c\u2b1c\U0001f7e8 \u2b1c\U0001f7e8\U0001f7e8\U0001f7e8\u2b1c\n\u2b1c\u2b1c\u2b1c\u2b1c\u2b1c \u2b1c\u2b1c\u2b1c\u2b1c\u2b1c\n\u2b1c\u2b1c\u2b1c\U0001f7e8\u2b1c \u2b1c\U0001f7e9\u2b1c\u2b1c\u2b1c\n\u2b1c\u2b1c\u2b1c\U0001f7e8\u2b1c \u2b1c\U0001f7e8\u2b1c\U0001f7e9\u2b1c\n\u2b1c\u2b1c\u2b1c\U0001f7e8\u2b1c \U0001f7e8\u2b1c\u2b1c\U0001f7e9\u2b1c\n\u2b1c\u2b1c\u2b1c\u2b1c\u2b1c \U0001f7e9\U0001f7e8\u2b1c\U0001f7e8\u2b1c\n\u2b1c\u2b1c\u2b1c\U0001f7e8\u2b1c \U0001f7e9\U0001f7e9\U0001f7e9\U0001f7e9\U0001f7e9\n\u2b1c\u2b1c\U0001f7e9\u2b1c\u2b1c \u2b1b\u2b1b\u2b1b\u2b1b\u2b1b-InvalidScore]" time="0.008" /><testcase classname="tests.quordle_test" name="test_parse_invalid_attempts[Daily Quordle #17\n5\ufe0f\u20e36\ufe0f\u20e3\n8\ufe0f\u20e37\ufe0f\u20e3\nquordle.com\n\u2b1c\u2b1c\U0001f7e8\u2b1c\u2b1c \u2b1c\u2b1c\u2b1c\U0001f7e8\u2b1c\n\u2b1c\U0001f7e8\u2b1c\u2b1c\U0001f7e8 \u2b1c\U0001f7e8\U0001f7e8\U0001f7e8\u2b1c\n\u2b1c\u2b1c\u2b1c\u2b1c\u2b1c \u2b1c\u2b1c\u2b1c\u2b1c\u2b1c\n\u2b1c\u2b1c\u2b1c\U0001f7e8\u2b1c \u2b1c\U0001f7e9\u2b1c\u2b1c\u2b1c\n\u2b1c\u2b1c\u2b1c\U0001f7e8\u2b1c \u2b1c\U0001f7e8\u2b1c\U0001f7e9\u2b1c\n\u2b1c\u2b1c\u2b1c\U0001f7e8\u2b1c \U0001f7e8\u2b1c\u2b1c\U0001f7e9\u2b1c\n\u2b1c\u2b1c\u2b1c\u2b1c\u2b1c \U0001f7e9\U0001f7e8\u2b1c\U0001f7e8\u2b1c\n\u2b1c\u2b1c\u2b1c\U0001f7e8\u2b1c \U0001f7e9\U0001f7e9\U0001f7e9\U0001f7e9\U0001f7e9\n\u2b1c\u2b1c\U0001f7e9\u2b1c\u2b1c \u2b1b\u2b1b\u2b1b\u2b1b\u2b1b\n\n\u2b1c\u2b1c\U0001f7e8\u2b1c\u2b1c \u2b1c\u2b1c\u2b1c\U0001f7e8\u2b1c\n\u2b1c\U0001f7e8\u2b1c\u2b1c\U0001f7e8 \u2b1c\U0001f7e8\U0001f7e8\U0001f7e8\u2b1c\n\u2b1c\u2b1c\u2b1c\u2b1c\u2b1c \u2b1c\u2b1c\u2b1c\u2b1c\u2b1c\n\u2b1c\u2b1c\u2b1c\U0001f7e8\u2b1c \u2b1c\U0001f7e9\u2b1c\u2b1c\u2b1c\n\u2b1c\u2b1c\u2b1c\U0001f7e8\u2b1c \u2b1c\U0001f7e8\u2b1c\U0001f7e9\u2b1c\n\u2b1c\u2b1c\u2b1c\U0001f7e8\u2b1c \U0001f7e8\u2b1c\u2b1c\U0001f7e9\u2b1c\n\u2b1c\u2b1c\u2b1c\u2b1c\u2b1c \U0001f7e9\U0001f7e8\u2b1c\U0001f7e8\u2b1c\n\u2b1c\u2b1c\u2b1c\U0001f7e8\u2b1c \U0001f7e9\U0001f7e9\U0001f7e9\U0001f7e9\U0001f7e9\n\u2b1c\u2b1c\U0001f7e9\u2b1c\u2b1c \u2b1b\u2b1b\u2b1b\u2b1b\u2b1b-InvalidScore]" time="0.008" /><testcase classname="tests.quordle_test" name="test_parse_invalid_attempts[Daily Quordle #17\n4\ufe0f\u20e34\ufe0f\u20e34\ufe0f\u20e34\ufe0f\u20e3\n\U0001f7e8\u2b1c\u2b1c\U0001f7e9\U0001f7e9 \u2b1c\u2b1c\u2b1c\u2b1c\U0001f7e8\n\u2b1c\U0001f7e8\u2b1c\u2b1c\U0001f7e8 \U0001f7e9\U0001f7e8\u2b1c\U0001f7e8\U0001f7e9\n\U0001f7e9\U0001f7e9\u2b1c\u2b1c\u2b1c \u2b1c\U0001f7e8\u2b1c\u2b1c\U0001f7e8\n\U0001f7e9\U0001f7e9\U0001f7e9\U0001f7e9\U0001f7e9 \u2b1c\U0001f7e8\u2b1c\u2b1c\U0001f7e8\n\u2b1b\u2b1b\u2b1b\u2b1b\u2b1b \u2b1c\u2b1c\u2b1c\u2b1c\u2b1c\n\u2b1b\u2b1b\u2b1b\u2b1b\u2b1b \u2b1c\U0001f7e9\U0001f7e8\U0001f7e9\u2b1c\n\u2b1b\u2b1b\u2b1b\u2b1b\u2b1b \u2b1c\U0001f7e8\U0001f7e8\u2b1c\u2b1c\n\u2b1b\u2b1b\u2b1b\u2b1b\u2b1b \u2b1c\U0001f7e8\U0001f7e8\u2b1c\u2b1c\n\u2b1b\u2b1b\u2b1b\u2b1b\u2b1b \U0001f7e9\U0001f7e9\u2b1c\U0001f7e9\U0001f7e9\n\n\U0001f7e8\u2b1c\u2b1c\u2b1c\u2b1c \u2b1c\u2b1c\u2b1c\u2b1c\U0001f7e8\n\u2b1c\u2b1c\u2b1c\u2b1c\u2b1c \u2b1c\U0001f7e9\U0001f7e8\U0001f7e8\u2b1c\n\U0001f7e8\u2b1c\U0001f7e8\u2b1c\u2b1c \u2b1c\u2b1c\u2b1c\u2b1c\u2b1c\n\U0001f7e8\u2b1c\U0001f7e9\u2b1c\u2b1c \u2b1c\u2b1c\u2b1c\u2b1c\U0001f7e8\n\U0001f7e9\U0001f7e9\U0001f7e9\U0001f7e9\U0001f7e9 \u2b1c\u2b1c\u2b1c\u2b1c\u2b1c\n\u2b1b\u2b1b\u2b1b\u2b1b\u2b1b \u2b1c\U0001f7e8\u2b1c\U0001f7e8\U0001f7e8\n\u2b1b\u2b1b\u2b1b\u2b1b\u2b1b \u2b1c\U0001f7e9\u2b1c\U0001f7e9\U0001f7e9\n\u2b1b\u2b1b\u2b1b\u2b1b\u2b1b \U0001f7e9\U0001f7e9\U0001f7e9\U0001f7e9\U0001f7e9-InvalidFormatError]" time="0.008" /><testcase classname="tests.quordle_test" name="test_parse_invalid_attempts[Daily Quordle #17\n5\ufe0f\u20e36\ufe0f\u20e3\n8\ufe0f\u20e37\ufe0f\u20e3\n-InvalidFormatError]" time="0.007" /><testcase classname="tests.quordle_test" name="test_parse_day[17-17]" time="0.010" /><testcase classname="tests.quordle_test" name="test_parse_day[16-16]" time="0.009" /><testcase classname="tests.quordle_test" name="test_parse_day[0-None]" time="0.008" /><testcase classname="tests.quordle_test" name="test_parse_day[140-None]" time="0.008" /><testcase classname="tests.quordle_test" name="test_parse_day[1st Feb-None]" time="0.008" /><testcase classname="tests.quordle_test" name="test_parse_score[scores0-20]" time="0.001" /><testcase classname="tests.quordle_test" name="test_parse_score[scores1-20]" time="0.002" /><testcase classname="tests.quordle_test" name="test_parse_score[scores2-24]" time="0.002" /><testcase classname="tests.quordle_test" name="test_parse_score[scores3-None]" time="0.002" /><testcase classname="tests.quordle_test" name="test_parse_score[scores4-None]" time="0.001" /><testcase classname="tests.quordle_test" name="test_parse_score[scores5-None]" time="0.002" /><testcase classname="tests.wordle_test" name="test_valid_info_format_raises_no_error[Wordle 2162 1/6]" time="0.002" /><testcase classname="tests.wordle_test" name="test_valid_info_format_raises_no_error[Wordle 248 4/6]" time="0.002" /><testcase classname="tests.wordle_test" name="test_valid_info_format_raises_no_error[Wordle 20 X/6]" time="0.001" /><testcase classname="tests.wordle_test" name="test_invalid_info_format[]" time="0.002" /><testcase classname="tests.wordle_test" name="test_invalid_info_format[255 3/6]" time="0.001" /><testcase classname="tests.wordle_test" name="test_invalid_info_format[XXXXXXXXX 20 X/6]" time="0.001" /><testcase classname="tests.wordle_test" name="test_invalid_info_format[XXXXXXXXX 20 12/6]" time="0.002" /><testcase classname="tests.wordle_test" name="test_invalid_info_format[Wordle 248 4]" time="0.002" /><testcase classname="tests.wordle_test" name="test_invalid_info_format[Wordle 248 -2/6]" time="0.001" /><testcase classname="tests.wordle_test" name="test_invalid_info_format[Wordle bad_day_format 5/6]" time="0.001" /><testcase classname="tests.wordle_test" name="test_extract_day_and_score[Wordle 2162 1/6-2162-1]" time="0.002" /><testcase classname="tests.wordle_test" name="test_extract_day_and_score[Wordle 248 4/6-248-4]" time="0.002" /><testcase classname="tests.wordle_test" name="test_extract_day_and_score[Wordle 20 X/6-20-X]" time="0.002" /><testcase classname="tests.wordle_test" name="test_wordle_attempt[5-5]" time="0.002" /><testcase classname="tests.wordle_test" name="test_wordle_attempt[0-10]" time="0.001" /><testcase classname="tests.wordle_test" name="test_wordle_attempt[10-0]" time="0.001" /><testcase classname="tests.wordle_test" name="test_validate_day[6-False0]" time="0.031" /><testcase classname="tests.wordle_test" name="test_validate_day[5-False0]" time="0.008" /><testcase classname="tests.wordle_test" name="test_validate_day[6-False1]" time="0.008" /><testcase classname="tests.wordle_test" name="test_validate_day[5-False1]" time="0.008" /><testcase classname="tests.wordle_test" name="test_validate_day[0-True0]" time="0.008" /><testcase classname="tests.wordle_test" name="test_validate_day[140-True0]" time="0.008" /><testcase classname="tests.wordle_test" name="test_validate_day[0-True1]" time="0.008" /><testcase classname="tests.wordle_test" name="test_validate_day[140-True1]" time="0.008" /><testcase classname="tests.wordle_test" name="test_validate_day[1st Feb-True]" time="0.008" /><testcase classname="tests.wordle_test" name="test_parse_day[6-6]" time="0.008" /><testcase classname="tests.wordle_test" name="test_parse_day[5-5]" time="0.008" /><testcase classname="tests.wordle_test" name="test_parse_day[0-None]" time="0.008" /><testcase classname="tests.wordle_test" name="test_parse_day[140-None]" time="0.008" /><testcase classname="tests.wordle_test" name="test_parse_day[1st Feb-None]" time="0.008" /><testcase classname="tests.wordle_test" name="test_validate_score[6-False]" time="0.002" /><testcase classname="tests.wordle_test" name="test_validate_score[5-False]" time="0.002" /><testcase classname="tests.wordle_test" name="test_validate_score[4-False]" time="0.001" /><testcase classname="tests.wordle_test" name="test_validate_score[3-False]" time="0.002" /><testcase classname="tests.wordle_test" name="test_validate_score[2-False]" time="0.001" /><testcase classname="tests.wordle_test" name="test_validate_score[1-False]" time="0.002" /><testcase classname="tests.wordle_test" name="test_validate_score[X-False]" time="0.001" /><testcase classname="tests.wordle_test" name="test_validate_score[0-True]" time="0.002" /><testcase classname="tests.wordle_test" name="test_validate_score[7-True]" time="0.001" /><testcase classname="tests.wordle_test" name="test_validate_score[12-True]" time="0.002" /><testcase classname="tests.wordle_test" name="test_parse_score[6-6]" time="0.002" /><testcase classname="tests.wordle_test" name="test_parse_score[5-5]" time="0.002" /><testcase classname="tests.wordle_test" name="test_parse_score[4-4]" time="0.002" /><testcase classname="tests.wordle_test" name="test_parse_score[3-3]" time="0.002" /><testcase classname="tests.wordle_test" name="test_parse_score[2-2]" time="0.002" /><testcase classname="tests.wordle_test" name="test_parse_score[1-1]" time="0.002" /><testcase classname="tests.wordle_test" name="test_parse_score[X-8]" time="0.001" /><testcase classname="tests.wordle_test" name="test_parse_score[0-None]" time="0.002" /><testcase classname="tests.wordle_test" name="test_parse_score[7-None]" time="0.002" /><testcase classname="tests.wordle_test" name="test_parse_score[12-None]" time="0.002" /><testcase classname="tests.wordle_test" name="test_wordle_get_lines[2-False]" time="0.001" /><testcase classname="tests.wordle_test" name="test_wordle_get_lines[4-False]" time="0.001" /><testcase classname="tests.wordle_test" name="test_wordle_get_lines[6-False]" time="0.001" /><testcase classname="tests.wordle_test" name="test_wordle_get_lines[0-True]" time="0.001" /><testcase classname="tests.wordle_test" name="test_wordle_get_lines[1-True]" time="0.001" /><testcase classname="tests.wordle_test" name="test_wordle_get_lines[8-True]" time="0.001" /><testcase classname="tests.wordle_test" name="test_wordle_get_lines[10-True]" time="0.001" /><testcase classname="tests.wordle_test" name="test_parse_valid_attempts[Wordle 5 4/6\n\u2b1b\u2b1b\u2b1b\U0001f7e8\u2b1b\n\U0001f7e8\U0001f7e8\u2b1b\U0001f7e9\u2b1b\n\u2b1b\U0001f7e9\U0001f7e9\U0001f7e9\U0001f7e8\n\U0001f7e9\U0001f7e9\U0001f7e9\U0001f7e9\U0001f7e9\n-5-6]" time="0.007" /><testcase classname="tests.wordle_test" name="test_parse_valid_attempts[Wordle 5 X/6\n\n\U0001f7e9\u2b1c\u2b1c\U0001f7e9\u2b1c\n\U0001f7e9\u2b1c\u2b1c\U0001f7e9\u2b1c\n\U0001f7e9\u2b1c\u2b1c\U0001f7e9\u2b1c\n\u2b1c\u2b1c\u2b1c\U0001f7e8\u2b1c\n\u2b1c\u2b1c\u2b1c\u2b1c\u2b1c\n\u2b1c\u2b1c\u2b1c\u2b1c\u2b1c\n-5-2]" time="0.007" /><testcase classname="tests.wordle_test" name="test_parse_valid_attempts[Wordle 6 3/6\n\U0001f7e9\u2b1b\u2b1b\U0001f7e8\u2b1b\n\U0001f7e9\U0001f7e9\u2b1b\U0001f7e9\U0001f7e9\n\U0001f7e9\U0001f7e9\U0001f7e9\U0001f7e9\U0001f7e9\n-6-7]" time="0.007" /><testcase classname="tests.wordle_test" name="test_parse_valid_attempts[Wordle 6 6/6\n\u2b1c\u2b1c\u2b1c\u2b1c\u2b1c\n\u2b1c\u2b1c\u2b1c\U0001f7e8\u2b1c\n\U0001f7e8\u2b1c\u2b1c\u2b1c\U0001f7e8\n\u2b1c\U0001f7e8\U0001f7e8\U0001f7e8\U0001f7e8\n\U0001f7e9\U0001f7e9\U0001f7e9\u2b1c\U0001f7e9\n\U0001f7e9\U0001f7e9\U0001f7e9\U0001f7e9\U0001f7e9\n-6-4]" time="0.007" /><testcase classname="tests.wordle_test" name="test_parse_invalid_attempts[-InvalidFormatError]" time="0.007" /><testcase classname="tests.wordle_test" name="test_parse_invalid_attempts[Wordle 5 8/6\n\n\U0001f7e9\u2b1c\u2b1c\U0001f7e9\u2b1c\n\U0001f7e9\u2b1c\u2b1c\U0001f7e9\u2b1c\n\U0001f7e9\u2b1c\u2b1c\U0001f7e9\u2b1c\n\u2b1c\u2b1c\u2b1c\U0001f7e8\u2b1c\n\u2b1c\u2b1c\u2b1c\u2b1c\u2b1c\n\u2b1c\u2b1c\u2b1c\u2b1c\u2b1c\n-InvalidFormatError]" time="0.007" /><testcase classname="tests.wordle_test" name="test_parse_invalid_attempts[Score: 1000\n\U0001f7e9\u2b1b\u2b1b\U0001f7e8\u2b1b\n\U0001f7e9\U0001f7e9\u2b1b\U0001f7e9\U0001f7e9\n\U0001f7e9\U0001f7e9\U0001f7e9\U0001f7e9\U0001f7e9\n-InvalidFormatError]" time="0.008" /><testcase classname="tests.wordle_test" name="test_parse_invalid_attempts[Wordle 8 4/6\n\u2b1b\u2b1b\u2b1b\U0001f7e8\u2b1b\n\U0001f7e8\U0001f7e8\u2b1b\U0001f7e9\u2b1b\n\u2b1b\U0001f7e9\U0001f7e9\U0001f7e9\U0001f7e8\n\U0001f7e9\U0001f7e9\U0001f7e9\U0001f7e9\U0001f7e9\n-InvalidDay]" time="0.008" /><testcase classname="tests.wordle_test" name="test_parse_invalid_attempts[Wordle 6 2/6\n\u2b1c\u2b1c\u2b1c\u2b1c\u2b1c\n\u2b1c\u2b1c\u2b1c\U0001f7e8\u2b1c\n\U0001f7e8\u2b1c\u2b1c\u2b1c\U0001f7e8\n\U0001f7e9\U0001f7e9\U0001f7e9\u2b1c\U0001f7e9\n\U0001f7e9\U0001f7e9\U0001f7e9\U0001f7e9\U0001f7e9\n-InvalidScore]" time="0.007" /></testsuite></testsuites>